<?xml version="1.0" encoding="UTF-8"?>
<!-- Generated by org.testng.reporters.JUnitXMLReporter -->
<testsuite ignored="5" hostname="LAPTOP-U66FBCGM" failures="0" tests="1" name="Selenium Practice Basics" time="1.246" errors="0" timestamp="2024-11-21T17:34:14 IST">
  <testcase classname="INTERVIEW_JAVA.ToReadExcelData" name="enterNames" time="0.009"/>
  <testcase classname="INTERVIEW_JAVA.ToReadExcelData" name="readExcelData" time="0.0">
    <ignored/>
  </testcase> <!-- readExcelData -->
  <testcase classname="INTERVIEW_JAVA.ToReadExcelData" name="InvokeMethod" time="0.0">
    <ignored/>
  </testcase> <!-- InvokeMethod -->
  <testcase classname="INTERVIEW_JAVA.ToReadExcelData" name="readExcelData1" time="0.0">
    <ignored/>
  </testcase> <!-- readExcelData1 -->
  <testcase classname="INTERVIEW_JAVA.ToReadExcelData" name="toWriteData" time="0.0">
    <ignored/>
  </testcase> <!-- toWriteData -->
  <testcase classname="INTERVIEW_JAVA.ToReadExcelData" name="toWriteDataUsingForEachLoop" time="0.0">
    <ignored/>
  </testcase> <!-- toWriteDataUsingForEachLoop -->
</testsuite> <!-- Selenium Practice Basics -->
