<?xml version="1.0" encoding="UTF-8"?>
<!-- Generated by org.testng.reporters.JUnitXMLReporter -->
<testsuite ignored="24" hostname="LAPTOP-U66FBCGM" failures="0" tests="1" name="Selenium Practice" time="9.206" errors="0" timestamp="2024-03-08T18:00:34 IST">
  <testcase classname="com.selenium.concepts.SeleniumPractice" name="fileDownloadUsingRobot" time="0.339"/>
  <testcase classname="com.selenium.concepts.SeleniumPractice" name="takeScreenShotDemo" time="0.0">
    <ignored/>
  </testcase> <!-- takeScreenShotDemo -->
  <testcase classname="com.selenium.concepts.SeleniumPractice" name="JavaScriptExecutorDemo" time="0.0">
    <ignored/>
  </testcase> <!-- JavaScriptExecutorDemo -->
  <testcase classname="com.selenium.concepts.SeleniumPractice" name="NavigateCommand" time="0.0">
    <ignored/>
  </testcase> <!-- NavigateCommand -->
  <testcase classname="com.selenium.concepts.SeleniumPractice" name="FileOutputStreamDemo" time="0.0">
    <ignored/>
  </testcase> <!-- FileOutputStreamDemo -->
  <testcase classname="com.selenium.concepts.SeleniumPractice" name="fileUploadSikuli" time="0.0">
    <ignored/>
  </testcase> <!-- fileUploadSikuli -->
  <testcase classname="com.selenium.concepts.SeleniumPractice" name="writeToExcel" time="0.0">
    <ignored/>
  </testcase> <!-- writeToExcel -->
  <testcase classname="com.selenium.concepts.SeleniumPractice" name="WaitDemo1" time="0.0">
    <ignored/>
  </testcase> <!-- WaitDemo1 -->
  <testcase classname="com.selenium.concepts.SeleniumPractice" name="findLinksINGooglePage" time="0.0">
    <ignored/>
  </testcase> <!-- findLinksINGooglePage -->
  <testcase classname="com.selenium.concepts.SeleniumPractice" name="fileUpload" time="0.0">
    <ignored/>
  </testcase> <!-- fileUpload -->
  <testcase classname="com.selenium.concepts.SeleniumPractice" name="Locators" time="0.0">
    <ignored/>
  </testcase> <!-- Locators -->
  <testcase classname="com.selenium.concepts.SeleniumPractice" name="DesiredCapabilitiesTest" time="0.0">
    <ignored/>
  </testcase> <!-- DesiredCapabilitiesTest -->
  <testcase classname="com.selenium.concepts.SeleniumPractice" name="findAppsINGoogleHomePage" time="0.0">
    <ignored/>
  </testcase> <!-- findAppsINGoogleHomePage -->
  <testcase classname="com.selenium.concepts.SeleniumPractice" name="MouseEvents" time="0.0">
    <ignored/>
  </testcase> <!-- MouseEvents -->
  <testcase classname="com.selenium.concepts.SeleniumPractice" name="fileDownload" time="0.0">
    <ignored/>
  </testcase> <!-- fileDownload -->
  <testcase classname="com.selenium.concepts.SeleniumPractice" name="setDate" time="0.0">
    <ignored/>
  </testcase> <!-- setDate -->
  <testcase classname="com.selenium.concepts.SeleniumPractice" name="FluentWaitDemo" time="0.0">
    <ignored/>
  </testcase> <!-- FluentWaitDemo -->
  <testcase classname="com.selenium.concepts.SeleniumPractice" name="compareScreenshotImages" time="0.0">
    <ignored/>
  </testcase> <!-- compareScreenshotImages -->
  <testcase classname="com.selenium.concepts.SeleniumPractice" name="resetWindowSize" time="0.0">
    <ignored/>
  </testcase> <!-- resetWindowSize -->
  <testcase classname="com.selenium.concepts.SeleniumPractice" name="ExplicitWaitDemo" time="0.0">
    <ignored/>
  </testcase> <!-- ExplicitWaitDemo -->
  <testcase classname="com.selenium.concepts.SeleniumPractice" name="alert" time="0.0">
    <ignored/>
  </testcase> <!-- alert -->
  <testcase classname="com.selenium.concepts.SeleniumPractice" name="fileExists" time="0.0">
    <ignored/>
  </testcase> <!-- fileExists -->
  <testcase classname="com.selenium.concepts.SeleniumPractice" name="readDataFromExcel" time="0.0">
    <ignored/>
  </testcase> <!-- readDataFromExcel -->
  <testcase classname="com.selenium.concepts.SeleniumPractice" name="DragDropDemo" time="0.0">
    <ignored/>
  </testcase> <!-- DragDropDemo -->
  <testcase classname="com.selenium.concepts.SeleniumPractice" name="screenShotByAshot" time="0.0">
    <ignored/>
  </testcase> <!-- screenShotByAshot -->
</testsuite> <!-- Selenium Practice -->
