<?xml version="1.0" encoding="UTF-8"?>
<!-- Generated by org.testng.reporters.JUnitXMLReporter -->
<testsuite ignored="8" hostname="LAPTOP-U66FBCGM" failures="0" tests="1" name="Test" time="29.795" errors="0" timestamp="2024-02-18T16:15:04 IST">
  <testcase classname="com.selenium.concepts.SeleniumPractice" name="findLinksINGooglePage" time="0.419"/>
  <testcase classname="com.selenium.concepts.SeleniumPractice" name="findAppsINGoogleHomePage" time="0.0">
    <ignored/>
  </testcase> <!-- findAppsINGoogleHomePage -->
  <testcase classname="com.selenium.concepts.SeleniumPractice" name="MouseEvents" time="0.0">
    <ignored/>
  </testcase> <!-- MouseEvents -->
  <testcase classname="com.selenium.concepts.SeleniumPractice" name="JavaScriptExecutorDemo" time="0.0">
    <ignored/>
  </testcase> <!-- JavaScriptExecutorDemo -->
  <testcase classname="com.selenium.concepts.SeleniumPractice" name="DragDropDemo" time="0.0">
    <ignored/>
  </testcase> <!-- DragDropDemo -->
  <testcase classname="com.selenium.concepts.SeleniumPractice" name="setDate" time="0.0">
    <ignored/>
  </testcase> <!-- setDate -->
  <testcase classname="com.selenium.concepts.SeleniumPractice" name="pickDate" time="0.0">
    <ignored/>
  </testcase> <!-- pickDate -->
  <testcase classname="com.selenium.concepts.SeleniumPractice" name="NavigateCommand" time="0.0">
    <ignored/>
  </testcase> <!-- NavigateCommand -->
  <testcase classname="com.selenium.concepts.SeleniumPractice" name="resetWindowSize" time="0.0">
    <ignored/>
  </testcase> <!-- resetWindowSize -->
</testsuite> <!-- Test -->
