<?xml version="1.0" encoding="UTF-8"?>
<!-- Generated by org.testng.reporters.JUnitXMLReporter -->
<testsuite ignored="12" hostname="LAPTOP-U66FBCGM" failures="0" tests="1" name="Default test" time="3.37" errors="0" timestamp="2024-02-27T10:04:42 IST">
  <testcase classname="com.selenium.concepts.SeleniumPractice" name="@BeforeTest openBrowser" time="3.316">
    <failure type="java.lang.NullPointerException" message="Cannot invoke &amp;quot;java.util.logging.Logger.info(String)&amp;quot; because &amp;quot;this.logger&amp;quot; is null">
      <![CDATA[java.lang.NullPointerException: Cannot invoke "java.util.logging.Logger.info(String)" because "this.logger" is null
at com.selenium.concepts.SeleniumPractice.openBrowser(SeleniumPractice.java:58)
at java.base/jdk.internal.reflect.DirectMethodHandleAccessor.invoke(DirectMethodHandleAccessor.java:104)
at java.base/java.lang.reflect.Method.invoke(Method.java:578)
at org.testng.internal.invokers.MethodInvocationHelper.invokeMethod(MethodInvocationHelper.java:139)
at org.testng.internal.invokers.MethodInvocationHelper.invokeMethodConsideringTimeout(MethodInvocationHelper.java:69)
at org.testng.internal.invokers.ConfigInvoker.invokeConfigurationMethod(ConfigInvoker.java:361)
at org.testng.internal.invokers.ConfigInvoker.invokeConfigurations(ConfigInvoker.java:296)
at org.testng.TestRunner.invokeTestConfigurations(TestRunner.java:644)
at org.testng.TestRunner.beforeRun(TestRunner.java:633)
at org.testng.TestRunner.run(TestRunner.java:595)
at org.testng.SuiteRunner.runTest(SuiteRunner.java:437)
at org.testng.SuiteRunner.runSequentially(SuiteRunner.java:431)
at org.testng.SuiteRunner.privateRun(SuiteRunner.java:391)
at org.testng.SuiteRunner.run(SuiteRunner.java:330)
at org.testng.SuiteRunnerWorker.runSuite(SuiteRunnerWorker.java:52)
at org.testng.SuiteRunnerWorker.run(SuiteRunnerWorker.java:95)
at org.testng.TestNG.runSuitesSequentially(TestNG.java:1256)
at org.testng.TestNG.runSuitesLocally(TestNG.java:1176)
at org.testng.TestNG.runSuites(TestNG.java:1099)
at org.testng.TestNG.run(TestNG.java:1067)
at org.testng.remote.AbstractRemoteTestNG.run(AbstractRemoteTestNG.java:115)
at org.testng.remote.RemoteTestNG.initAndRun(RemoteTestNG.java:251)
at org.testng.remote.RemoteTestNG.main(RemoteTestNG.java:77)
]]>
    </failure>
  </testcase> <!-- @BeforeTest openBrowser -->
  <testcase classname="com.selenium.concepts.SeleniumPractice" name="@AfterTest tearDown" time="0.0">
    <skipped/>
  </testcase> <!-- @AfterTest tearDown -->
  <testcase classname="com.selenium.concepts.SeleniumPractice" name="screenShotByAshot" time="0.0">
    <skipped/>
  </testcase> <!-- screenShotByAshot -->
  <testcase classname="com.selenium.concepts.SeleniumPractice" name="DragDropDemo" time="0.0">
    <ignored/>
  </testcase> <!-- DragDropDemo -->
  <testcase classname="com.selenium.concepts.SeleniumPractice" name="findLinksINGooglePage" time="0.0">
    <ignored/>
  </testcase> <!-- findLinksINGooglePage -->
  <testcase classname="com.selenium.concepts.SeleniumPractice" name="NavigateCommand" time="0.0">
    <ignored/>
  </testcase> <!-- NavigateCommand -->
  <testcase classname="com.selenium.concepts.SeleniumPractice" name="FileOutputStreamDemo" time="0.0">
    <ignored/>
  </testcase> <!-- FileOutputStreamDemo -->
  <testcase classname="com.selenium.concepts.SeleniumPractice" name="resetWindowSize" time="0.0">
    <ignored/>
  </testcase> <!-- resetWindowSize -->
  <testcase classname="com.selenium.concepts.SeleniumPractice" name="JavaScriptExecutorDemo" time="0.0">
    <ignored/>
  </testcase> <!-- JavaScriptExecutorDemo -->
  <testcase classname="com.selenium.concepts.SeleniumPractice" name="setDate" time="0.0">
    <ignored/>
  </testcase> <!-- setDate -->
  <testcase classname="com.selenium.concepts.SeleniumPractice" name="pickDate" time="0.0">
    <ignored/>
  </testcase> <!-- pickDate -->
  <testcase classname="com.selenium.concepts.SeleniumPractice" name="DesiredCapabilitiesTest" time="0.0">
    <ignored/>
  </testcase> <!-- DesiredCapabilitiesTest -->
  <testcase classname="com.selenium.concepts.SeleniumPractice" name="takeScreenShotDemo" time="0.0">
    <ignored/>
  </testcase> <!-- takeScreenShotDemo -->
  <testcase classname="com.selenium.concepts.SeleniumPractice" name="MouseEvents" time="0.0">
    <ignored/>
  </testcase> <!-- MouseEvents -->
  <testcase classname="com.selenium.concepts.SeleniumPractice" name="findAppsINGoogleHomePage" time="0.0">
    <ignored/>
  </testcase> <!-- findAppsINGoogleHomePage -->
</testsuite> <!-- Default test -->
