<?xml version="1.0" encoding="UTF-8"?>
<!-- Generated by org.testng.reporters.JUnitXMLReporter -->
<testsuite ignored="2" hostname="LAPTOP-U66FBCGM" failures="0" tests="1" name="Default test" time="0.077" errors="0" timestamp="2024-02-22T16:30:33 IST">
  <testcase classname="Utilities.DateDemo" name="test2" time="0.019"/>
  <testcase classname="Utilities.DateDemo" name="selectData" time="0.0">
    <ignored/>
  </testcase> <!-- selectData -->
  <testcase classname="Utilities.DateDemo" name="InvocationCountDemo" time="0.0">
    <ignored/>
  </testcase> <!-- InvocationCountDemo -->
</testsuite> <!-- Default test -->
