<?xml version="1.0" encoding="UTF-8"?>
<testng-results ignored="13" total="14" passed="1" failed="0" skipped="0">
  <reporter-output>
  </reporter-output>
  <suite started-at="2024-02-27T13:24:52 IST" name="Interview Preparation" finished-at="2024-02-27T13:25:00 IST" duration-ms="7811">
    <groups>
    </groups>
    <test started-at="2024-02-27T13:24:52 IST" name="Selenium Practice" finished-at="2024-02-27T13:25:00 IST" duration-ms="7811">
      <class name="com.selenium.concepts.SeleniumPractice">
        <test-method is-config="true" signature="openBrowser()[pri:0, instance:com.selenium.concepts.SeleniumPractice@38c6f217]" started-at="2024-02-27T13:24:53 IST" name="openBrowser" finished-at="2024-02-27T13:24:59 IST" duration-ms="6793" status="PASS">
          <reporter-output>
          </reporter-output>
        </test-method> <!-- openBrowser -->
        <test-method signature="compareScreenshotImages()[pri:0, instance:com.selenium.concepts.SeleniumPractice@38c6f217]" started-at="2024-02-27T13:24:59 IST" name="compareScreenshotImages" finished-at="2024-02-27T13:25:00 IST" duration-ms="451" status="PASS">
          <reporter-output>
          </reporter-output>
        </test-method> <!-- compareScreenshotImages -->
        <test-method is-config="true" signature="tearDown()[pri:0, instance:com.selenium.concepts.SeleniumPractice@38c6f217]" started-at="2024-02-27T13:25:00 IST" name="tearDown" finished-at="2024-02-27T13:25:00 IST" duration-ms="203" status="PASS">
          <reporter-output>
          </reporter-output>
        </test-method> <!-- tearDown -->
      </class> <!-- com.selenium.concepts.SeleniumPractice -->
    </test> <!-- Selenium Practice -->
  </suite> <!-- Interview Preparation -->
</testng-results>
