<?xml version="1.0" encoding="UTF-8"?>
<testng-results ignored="18" total="19" passed="1" failed="0" skipped="0">
  <reporter-output>
  </reporter-output>
  <suite started-at="2024-03-03T23:38:43 IST" name="Interview Preparation" finished-at="2024-03-03T23:38:51 IST" duration-ms="7941">
    <groups>
    </groups>
    <test started-at="2024-03-03T23:38:43 IST" name="Selenium Practice" finished-at="2024-03-03T23:38:51 IST" duration-ms="7941">
      <class name="com.selenium.concepts.SeleniumPractice">
        <test-method is-config="true" signature="openBrowser()[pri:0, instance:com.selenium.concepts.SeleniumPractice@5542c4ed]" started-at="2024-03-03T23:38:43 IST" name="openBrowser" finished-at="2024-03-03T23:38:51 IST" duration-ms="7253" status="PASS">
          <reporter-output>
          </reporter-output>
        </test-method> <!-- openBrowser -->
        <test-method signature="Locators()[pri:0, instance:com.selenium.concepts.SeleniumPractice@5542c4ed]" started-at="2024-03-03T23:38:51 IST" name="Locators" finished-at="2024-03-03T23:38:51 IST" duration-ms="44" status="PASS">
          <reporter-output>
          </reporter-output>
        </test-method> <!-- Locators -->
        <test-method is-config="true" signature="tearDown()[pri:0, instance:com.selenium.concepts.SeleniumPractice@5542c4ed]" started-at="2024-03-03T23:38:51 IST" name="tearDown" finished-at="2024-03-03T23:38:51 IST" duration-ms="225" status="PASS">
          <reporter-output>
          </reporter-output>
        </test-method> <!-- tearDown -->
      </class> <!-- com.selenium.concepts.SeleniumPractice -->
    </test> <!-- Selenium Practice -->
  </suite> <!-- Interview Preparation -->
</testng-results>
